D:\POLBAN\SMT 2\STRUKTUR DATA DAN ALGORITMA\PRAKTEK\TUBES\TOWER-OF-HANOI\RELEASE\TOWER-OF-HANOI.EXE
D:\POLBAN\Smt 2\Struktur Data dan Algoritma\Praktek\Tubes\tower-of-hanoi\Release\tower-of-hanoi.pdb
D:\POLBAN\Smt 2\Struktur Data dan Algoritma\Praktek\Tubes\tower-of-hanoi\tower-of-hanoi\Release\cl.command.1.tlog
D:\POLBAN\Smt 2\Struktur Data dan Algoritma\Praktek\Tubes\tower-of-hanoi\tower-of-hanoi\Release\CL.read.1.tlog
D:\POLBAN\Smt 2\Struktur Data dan Algoritma\Praktek\Tubes\tower-of-hanoi\tower-of-hanoi\Release\CL.write.1.tlog
D:\POLBAN\SMT 2\STRUKTUR DATA DAN ALGORITMA\PRAKTEK\TUBES\TOWER-OF-HANOI\TOWER-OF-HANOI\RELEASE\GAME.OBJ
D:\POLBAN\Smt 2\Struktur Data dan Algoritma\Praktek\Tubes\tower-of-hanoi\tower-of-hanoi\Release\link.command.1.tlog
D:\POLBAN\Smt 2\Struktur Data dan Algoritma\Praktek\Tubes\tower-of-hanoi\tower-of-hanoi\Release\link.read.1.tlog
D:\POLBAN\Smt 2\Struktur Data dan Algoritma\Praktek\Tubes\tower-of-hanoi\tower-of-hanoi\Release\link.write.1.tlog
D:\POLBAN\SMT 2\STRUKTUR DATA DAN ALGORITMA\PRAKTEK\TUBES\TOWER-OF-HANOI\TOWER-OF-HANOI\RELEASE\MAIN.OBJ
D:\POLBAN\SMT 2\STRUKTUR DATA DAN ALGORITMA\PRAKTEK\TUBES\TOWER-OF-HANOI\TOWER-OF-HANOI\RELEASE\MENU.OBJ
D:\POLBAN\Smt 2\Struktur Data dan Algoritma\Praktek\Tubes\tower-of-hanoi\tower-of-hanoi\Release\mt.command.1.tlog
D:\POLBAN\Smt 2\Struktur Data dan Algoritma\Praktek\Tubes\tower-of-hanoi\tower-of-hanoi\Release\mt.read.1.tlog
D:\POLBAN\Smt 2\Struktur Data dan Algoritma\Praktek\Tubes\tower-of-hanoi\tower-of-hanoi\Release\mt.write.1.tlog
D:\POLBAN\SMT 2\STRUKTUR DATA DAN ALGORITMA\PRAKTEK\TUBES\TOWER-OF-HANOI\TOWER-OF-HANOI\RELEASE\STACK.OBJ
D:\POLBAN\Smt 2\Struktur Data dan Algoritma\Praktek\Tubes\tower-of-hanoi\tower-of-hanoi\Release\tower-of-hanoi.exe.intermediate.manifest
D:\POLBAN\Smt 2\Struktur Data dan Algoritma\Praktek\Tubes\tower-of-hanoi\tower-of-hanoi\Release\tower-of-hanoi.vcxprojResolveAssemblyReference.cache
D:\POLBAN\Smt 2\Struktur Data dan Algoritma\Praktek\Tubes\tower-of-hanoi\tower-of-hanoi\Release\tower-of-hanoi.write.1.tlog
D:\POLBAN\SMT 2\STRUKTUR DATA DAN ALGORITMA\PRAKTEK\TUBES\TOWER-OF-HANOI\TOWER-OF-HANOI\RELEASE\VC100.PDB
D:\POLBAN\Smt 2\Struktur Data dan Algoritma\Praktek\Tubes\tower-of-hanoi\tower-of-hanoi\Release\vc142.pdb
